Determining if the pthread_create exist failed with the following output:
Change Dir: /home/chenz16/Desktop/Rover/build_isolated/cartographer_ros_msgs/CMakeFiles/CMakeTmp

Run Build Command:"/usr/bin/ninja" "cmTC_f9793"
[1/2] Building C object CMakeFiles/cmTC_f9793.dir/CheckSymbolExists.c.o
[2/2] Linking C executable cmTC_f9793
FAILED: : && /usr/bin/cc     CMakeFiles/cmTC_f9793.dir/CheckSymbolExists.c.o  -o cmTC_f9793  -rdynamic && :
CMakeFiles/cmTC_f9793.dir/CheckSymbolExists.c.o: In function `main':
CheckSymbolExists.c:(.text+0x16): undefined reference to `pthread_create'
collect2: error: ld returned 1 exit status
ninja: build stopped: subcommand failed.

File /home/chenz16/Desktop/Rover/build_isolated/cartographer_ros_msgs/CMakeFiles/CMakeTmp/CheckSymbolExists.c:
/* */
#include <pthread.h>

int main(int argc, char** argv)
{
  (void)argv;
#ifndef pthread_create
  return ((int*)(&pthread_create))[argc];
#else
  (void)argc;
  return 0;
#endif
}

Determining if the function pthread_create exists in the pthreads failed with the following output:
Change Dir: /home/chenz16/Desktop/Rover/build_isolated/cartographer_ros_msgs/CMakeFiles/CMakeTmp

Run Build Command:"/usr/bin/ninja" "cmTC_547de"
[1/2] Building C object CMakeFiles/cmTC_547de.dir/CheckFunctionExists.c.o
[2/2] Linking C executable cmTC_547de
FAILED: : && /usr/bin/cc  -DCHECK_FUNCTION_EXISTS=pthread_create   CMakeFiles/cmTC_547de.dir/CheckFunctionExists.c.o  -o cmTC_547de  -rdynamic -lpthreads && :
/usr/bin/ld: cannot find -lpthreads
collect2: error: ld returned 1 exit status
ninja: build stopped: subcommand failed.


