Determining if the pthread_create exist failed with the following output:
Change Dir: /home/chenz16/Desktop/Rover/build/CMakeFiles/CMakeTmp

Run Build Command:"/usr/bin/make" "cmTC_16c41/fast"
/usr/bin/make -f CMakeFiles/cmTC_16c41.dir/build.make CMakeFiles/cmTC_16c41.dir/build
make[1]: Entering directory '/home/chenz16/Desktop/Rover/build/CMakeFiles/CMakeTmp'
Building C object CMakeFiles/cmTC_16c41.dir/CheckSymbolExists.c.o
/usr/bin/cc     -o CMakeFiles/cmTC_16c41.dir/CheckSymbolExists.c.o   -c /home/chenz16/Desktop/Rover/build/CMakeFiles/CMakeTmp/CheckSymbolExists.c
Linking C executable cmTC_16c41
/usr/bin/cmake -E cmake_link_script CMakeFiles/cmTC_16c41.dir/link.txt --verbose=1
/usr/bin/cc       CMakeFiles/cmTC_16c41.dir/CheckSymbolExists.c.o  -o cmTC_16c41 -rdynamic 
CMakeFiles/cmTC_16c41.dir/CheckSymbolExists.c.o: In function `main':
CheckSymbolExists.c:(.text+0x16): undefined reference to `pthread_create'
collect2: error: ld returned 1 exit status
CMakeFiles/cmTC_16c41.dir/build.make:97: recipe for target 'cmTC_16c41' failed
make[1]: *** [cmTC_16c41] Error 1
make[1]: Leaving directory '/home/chenz16/Desktop/Rover/build/CMakeFiles/CMakeTmp'
Makefile:126: recipe for target 'cmTC_16c41/fast' failed
make: *** [cmTC_16c41/fast] Error 2

File /home/chenz16/Desktop/Rover/build/CMakeFiles/CMakeTmp/CheckSymbolExists.c:
/* */
#include <pthread.h>

int main(int argc, char** argv)
{
  (void)argv;
#ifndef pthread_create
  return ((int*)(&pthread_create))[argc];
#else
  (void)argc;
  return 0;
#endif
}

Determining if the function pthread_create exists in the pthreads failed with the following output:
Change Dir: /home/chenz16/Desktop/Rover/build/CMakeFiles/CMakeTmp

Run Build Command:"/usr/bin/make" "cmTC_883ef/fast"
/usr/bin/make -f CMakeFiles/cmTC_883ef.dir/build.make CMakeFiles/cmTC_883ef.dir/build
make[1]: Entering directory '/home/chenz16/Desktop/Rover/build/CMakeFiles/CMakeTmp'
Building C object CMakeFiles/cmTC_883ef.dir/CheckFunctionExists.c.o
/usr/bin/cc    -DCHECK_FUNCTION_EXISTS=pthread_create   -o CMakeFiles/cmTC_883ef.dir/CheckFunctionExists.c.o   -c /usr/share/cmake-3.5/Modules/CheckFunctionExists.c
Linking C executable cmTC_883ef
/usr/bin/cmake -E cmake_link_script CMakeFiles/cmTC_883ef.dir/link.txt --verbose=1
/usr/bin/cc   -DCHECK_FUNCTION_EXISTS=pthread_create    CMakeFiles/cmTC_883ef.dir/CheckFunctionExists.c.o  -o cmTC_883ef -rdynamic -lpthreads 
/usr/bin/ld: cannot find -lpthreads
collect2: error: ld returned 1 exit status
CMakeFiles/cmTC_883ef.dir/build.make:97: recipe for target 'cmTC_883ef' failed
make[1]: *** [cmTC_883ef] Error 1
make[1]: Leaving directory '/home/chenz16/Desktop/Rover/build/CMakeFiles/CMakeTmp'
Makefile:126: recipe for target 'cmTC_883ef/fast' failed
make: *** [cmTC_883ef/fast] Error 2


